<?xml version="1.0" encoding="UTF-8"?>
<!-- Generated by org.testng.reporters.JUnitXMLReporter -->
<testsuite ignored="0" hostname="DESKTOP-4V2B5VI" failures="0" tests="4" name="Test" time="16.967" errors="0" timestamp="2022-10-31T20:04:52 IST">
  <testcase classname="Dashboard_Module.VerifyUserCanAddStocksInWatchList" name="VerifyUserCanLogin" time="6.648"/>
  <testcase classname="Dashboard_Module.VerifyUserCanAddStocksInWatchList" name="VerifyUserCanSearchStocks" time="1.441"/>
  <testcase classname="Dashboard_Module.VerifyUserCanAddStocksInWatchList" name="VerifyUserCanClickOnAddBtn" time="0.613"/>
  <testcase classname="Dashboard_Module.VerifyUserCanAddStocksInWatchList" name="VerifywatchlistAddedStock" time="0.142"/>
</testsuite> <!-- Test -->
